2026-03-01T08:29:00 | Scan started via API.
2026-03-01T08:29:00 | Core engine modules loaded.
2026-03-01T08:29:00 | Monitor path ready: /home/mohit/TestingDirectory
2026-03-01T08:29:00 | Watchdog observer started.
2026-03-01T08:33:56 | Scan loop cancelled.
2026-03-01T08:33:56 | Watchdog observer stopped.
2026-03-01T08:33:56 | Scan stopped via API.
2026-03-01T08:34:25 | Config updated: {'monitor_path': '/home/mohit', 'risk_threshold': 60, 'entropy_threshold': 7.5, 'auto_containment': True}
2026-03-01T08:34:29 | Scan started via API.
2026-03-01T08:34:29 | Core engine modules loaded.
2026-03-01T08:34:29 | Monitor path ready: /home/mohit
2026-03-01T08:34:42 | Watchdog observer started.
2026-03-01T08:34:47 | Config updated: {'monitor_path': '/home/mohit', 'risk_threshold': 60, 'entropy_threshold': 7.5, 'auto_containment': True}
2026-03-01T08:34:54 | 2026-03-01T08:34:54.783589 | WATCH | risk=25 | entropy=3.94 | burst=8.2 | STATE_CHANGE
2026-03-01T08:34:57 | 2026-03-01T08:34:57.951118 | NORMAL | risk=15 | entropy=5.64 | burst=3.2 | STATE_CHANGE
2026-03-01T08:35:52 | 2026-03-01T08:35:52.950223 | SUSPICIOUS | risk=35 | entropy=4.08 | burst=16.2 | STATE_CHANGE
2026-03-01T08:35:55 | 2026-03-01T08:35:55.073553 | NORMAL | risk=10 | entropy=5.82 | burst=11.2 | STATE_CHANGE
2026-03-01T08:36:16 | 2026-03-01T08:36:16.131407 | WATCH | risk=25 | entropy=5.67 | burst=5.0 | STATE_CHANGE
2026-03-01T08:36:20 | 2026-03-01T08:36:20.359554 | NORMAL | risk=10 | entropy=3.45 | burst=12.8 | STATE_CHANGE
2026-03-01T08:37:20 | 2026-03-01T08:37:20.655942 | WATCH | risk=25 | entropy=5.56 | burst=7.4 | STATE_CHANGE
2026-03-01T08:37:21 | 2026-03-01T08:37:21.722182 | NORMAL | risk=10 | entropy=3.48 | burst=13.4 | STATE_CHANGE
2026-03-01T08:37:22 | 2026-03-01T08:37:22.784143 | WATCH | risk=25 | entropy=3.5 | burst=13.6 | STATE_CHANGE
2026-03-01T08:37:27 | 2026-03-01T08:37:27.035923 | NORMAL | risk=0 | entropy=5.44 | burst=7.6 | STATE_CHANGE
2026-03-01T08:37:32 | 2026-03-01T08:37:32.325832 | WATCH | risk=25 | entropy=5.16 | burst=7.6 | STATE_CHANGE
2026-03-01T08:37:33 | 2026-03-01T08:37:33.378542 | NORMAL | risk=10 | entropy=5.16 | burst=7.8 | STATE_CHANGE
2026-03-01T08:37:51 | 2026-03-01T08:37:51.364930 | WATCH | risk=25 | entropy=5.52 | burst=6.6 | STATE_CHANGE
2026-03-01T08:37:52 | 2026-03-01T08:37:52.446736 | NORMAL | risk=10 | entropy=3.07 | burst=13.2 | STATE_CHANGE
2026-03-01T08:39:11 | Scan loop cancelled.
2026-03-01T08:39:11 | Watchdog observer stopped.
2026-03-01T08:39:11 | Scan stopped via API.
2026-03-01T08:47:34 | Scan started via API.
2026-03-01T08:47:34 | Monitor path ready: /home/mohit
2026-03-01T08:47:40 | Watchdog observer started.
2026-03-01T08:47:57 | Config updated: {'monitor_path': '/home/mohit/TestingDirectory', 'risk_threshold': 60, 'entropy_threshold': 7.5, 'auto_containment': True}
2026-03-01T08:48:10 | Scan loop cancelled.
2026-03-01T08:48:10 | Watchdog observer stopped.
2026-03-01T08:48:10 | Scan stopped via API.
2026-03-01T08:48:12 | Scan started via API.
2026-03-01T08:48:12 | Monitor path ready: /home/mohit/TestingDirectory
2026-03-01T08:48:12 | Watchdog observer started.
2026-03-01T08:49:45 | 2026-03-01T08:49:45.127316 | SUSPICIOUS | risk=40 | entropy=0 | burst=30.0 | STATE_CHANGE
2026-03-01T08:49:50 | 2026-03-01T08:49:50.348578 | NORMAL | risk=0 | entropy=0 | burst=0.0 | STATE_CHANGE
2026-03-01T08:56:13 | Scan loop cancelled.
2026-03-01T08:56:13 | Watchdog observer stopped.
2026-03-01T08:56:13 | Scan stopped via API.
2026-03-01T10:49:10 | Scan started via API.
2026-03-01T10:49:10 | Core engine modules loaded.
2026-03-01T10:49:10 | Monitor path ready: /home/mohit/TestingDirectory
2026-03-01T10:49:10 | Watchdog observer started.
2026-03-01T10:50:37 | 2026-03-01T10:50:37.995890 | SUSPICIOUS | risk=40 | entropy=0 | burst=29.8 | STATE_CHANGE
2026-03-01T10:50:42 | 2026-03-01T10:50:42.178077 | NORMAL | risk=0 | entropy=0 | burst=0.0 | STATE_CHANGE
2026-03-01T10:53:04 | 2026-03-01T10:53:04.687380 | SUSPICIOUS | risk=40 | entropy=0 | burst=30.0 | STATE_CHANGE
2026-03-01T10:53:09 | 2026-03-01T10:53:09.895836 | NORMAL | risk=0 | entropy=0 | burst=0.0 | STATE_CHANGE
2026-03-01T10:53:57 | 2026-03-01T10:53:57.749004 | SUSPICIOUS | risk=40 | entropy=0.0 | burst=60.2 | STATE_CHANGE
2026-03-01T10:54:04 | 2026-03-01T10:54:04.020883 | NORMAL | risk=0 | entropy=0 | burst=0.0 | STATE_CHANGE
2026-03-01T10:55:14 | Scan loop cancelled.
2026-03-01T10:55:14 | Watchdog observer stopped.
2026-03-01T10:55:14 | Scan stopped via API.
2026-03-01T10:55:36 | Scan started via API.
2026-03-01T10:55:36 | Monitor path ready: /home/mohit/TestingDirectory
2026-03-01T10:55:36 | Watchdog observer started.
2026-03-01T10:55:43 | 2026-03-01T10:55:43.676012 | SUSPICIOUS | risk=40 | entropy=0.0 | burst=116.0 | STATE_CHANGE
2026-03-01T10:56:03 | 2026-03-01T10:56:03.174414 | NORMAL | risk=0 | entropy=0 | burst=0.0 | STATE_CHANGE
2026-03-01T10:56:22 | Scan loop cancelled.
2026-03-01T10:56:22 | Watchdog observer stopped.
2026-03-01T10:56:22 | Scan stopped via API.
2026-03-01T11:09:33 | Scan started via API.
2026-03-01T11:09:33 | Monitor path ready: /home/mohit/TestingDirectory
2026-03-01T11:09:33 | Watchdog observer started.
2026-03-01T11:11:41 | Scan started via API.
2026-03-01T11:11:41 | Core engine modules loaded.
2026-03-01T11:11:41 | Monitor path ready: /home/mohit/TestingDirectory
2026-03-01T11:11:41 | Watchdog observer started.
2026-03-01T11:12:08 | Scan loop cancelled.
2026-03-01T11:12:08 | Watchdog observer stopped.
2026-03-01T11:12:08 | Scan stopped via API.
2026-03-01T11:13:35 | Scan started via API.
2026-03-01T11:13:35 | Monitor path ready: /home/mohit/TestingDirectory
2026-03-01T11:13:35 | Watchdog observer started.
2026-03-01T11:13:37 | 2026-03-01T11:13:37.036801 | SUSPICIOUS | risk=40 | entropy=0 | burst=161.4 | STATE_CHANGE
2026-03-01T11:13:46 | 2026-03-01T11:13:46.574212 | NORMAL | risk=0 | entropy=0 | burst=0.0 | STATE_CHANGE
2026-03-01T11:14:02 | 2026-03-01T11:14:02.357257 | SUSPICIOUS | risk=40 | entropy=0.0 | burst=125.8 | STATE_CHANGE
2026-03-01T11:14:23 | 2026-03-01T11:14:23.270426 | NORMAL | risk=0 | entropy=0 | burst=0.0 | STATE_CHANGE
2026-03-01T11:14:40 | Scan loop cancelled.
2026-03-01T11:14:40 | Watchdog observer stopped.
2026-03-01T11:14:40 | Scan stopped via API.
2026-03-01T11:14:41 | Scan started via API.
2026-03-01T11:14:41 | Monitor path ready: /home/mohit/TestingDirectory
2026-03-01T11:14:41 | Watchdog observer started.
2026-03-01T11:16:46 | 2026-03-01T11:16:46.070144 | WATCH | risk=25 | entropy=2.03 | burst=181.6 | STATE_CHANGE
2026-03-01T11:16:49 | 2026-03-01T11:16:49.277066 | SUSPICIOUS | risk=40 | entropy=2.03 | burst=1308.0 | STATE_CHANGE
2026-03-01T11:17:08 | 2026-03-01T11:17:08.033941 | NORMAL | risk=0 | entropy=0 | burst=0.0 | STATE_CHANGE
2026-03-01T11:17:21 | 2026-03-01T11:17:21.832390 | SUSPICIOUS | risk=40 | entropy=1.97 | burst=185.6 | STATE_CHANGE
2026-03-01T11:17:48 | 2026-03-01T11:17:48.341560 | NORMAL | risk=0 | entropy=0 | burst=0.0 | STATE_CHANGE
2026-03-01T11:17:55 | Scan loop cancelled.
2026-03-01T11:17:55 | Watchdog observer stopped.
2026-03-01T11:17:55 | Scan stopped via API.
2026-03-01T11:18:04 | Scan started via API.
2026-03-01T11:18:04 | Monitor path ready: /home/mohit/TestingDirectory
2026-03-01T11:18:04 | Watchdog observer started.
2026-03-01T11:18:31 | Scan started via API.
2026-03-01T11:18:31 | Core engine modules loaded.
2026-03-01T11:18:31 | Monitor path ready: /home/mohit/TestingDirectory
2026-03-01T11:18:31 | Watchdog observer started.
2026-03-01T11:18:37 | 2026-03-01T11:18:37.581387 | SUSPICIOUS | risk=40 | entropy=2.02 | burst=426.4 | STATE_CHANGE
2026-03-01T11:19:01 | 2026-03-01T11:19:01.176651 | NORMAL | risk=0 | entropy=0 | burst=0.0 | STATE_CHANGE
2026-03-01T11:24:07 | Scan loop cancelled.
2026-03-01T11:24:07 | Watchdog observer stopped.
2026-03-01T11:24:12 | Scan started via API.
2026-03-01T11:24:12 | Core engine modules loaded.
2026-03-01T11:24:12 | Monitor path ready: /home/mohit/TestingDirectory
2026-03-01T11:24:12 | Watchdog observer started.
2026-03-01T11:24:53 | 2026-03-01T11:24:53.242198 | SUSPICIOUS | risk=40 | entropy=1.99 | burst=240.6 | STATE_CHANGE
2026-03-01T11:25:15 | 2026-03-01T11:25:15.596280 | NORMAL | risk=0 | entropy=0 | burst=0.0 | STATE_CHANGE
2026-03-01T11:33:00 | Scan loop cancelled.
2026-03-01T11:33:00 | Watchdog observer stopped.
2026-03-01T11:33:00 | Scan stopped via API.
2026-03-01T11:38:54 | Scan started via API.
2026-03-01T11:38:54 | Core engine modules loaded.
2026-03-01T11:38:54 | Monitor path ready: /home/mohit/TestingDirectory
2026-03-01T11:38:54 | Watchdog observer started.
2026-03-01T11:39:14 | 2026-03-01T11:39:14.059432 | SUSPICIOUS | risk=40 | entropy=2.03 | burst=250.8 | STATE_CHANGE
2026-03-01T11:39:24 | Process 145085 (sh) killed.
2026-03-01T11:39:29 | 2026-03-01T11:39:29.751367 | NORMAL | risk=0 | entropy=0 | burst=0.0 | STATE_CHANGE
2026-03-01T11:39:55 | 2026-03-01T11:39:55.685971 | SUSPICIOUS | risk=40 | entropy=2.05 | burst=514.8 | STATE_CHANGE
2026-03-01T11:39:58 | Process 154559 (sh) killed.
2026-03-01T11:40:04 | 2026-03-01T11:40:04.364911 | NORMAL | risk=0 | entropy=0 | burst=0.0 | STATE_CHANGE
2026-03-01T11:40:07 | 2026-03-01T11:40:07.675673 | SUSPICIOUS | risk=40 | entropy=1.98 | burst=221.2 | STATE_CHANGE
2026-03-01T11:40:11 | Process 158831 (sh) suspended.
2026-03-01T11:40:11 | Process 158831 (sh) suspended.
2026-03-01T11:40:16 | 2026-03-01T11:40:16.831143 | NORMAL | risk=0 | entropy=0 | burst=0.0 | STATE_CHANGE
2026-03-01T11:40:41 | Scan loop cancelled.
2026-03-01T11:40:41 | Watchdog observer stopped.
2026-03-01T11:40:41 | Scan stopped via API.
2026-03-01T12:23:59 | Process 158831 (sh) killed.
2026-03-01T12:53:11 | [GCS] Uploaded Photo.zip → gs://prometheus-backups-123/prometheus-backups/Photo_20260301_072309.zip
2026-03-01T12:53:11 | Backup uploaded to GCS: gs://prometheus-backups-123/prometheus-backups/Photo_20260301_072309.zip
2026-03-01T12:53:11 | Backup created: Photo (36.3 KB)
2026-03-01T12:57:58 | [GCS] Uploaded cpp.zip → gs://prometheus-backups-123/prometheus-backups/cpp_20260301_072755.zip
2026-03-01T12:57:58 | Backup uploaded to GCS: gs://prometheus-backups-123/prometheus-backups/cpp_20260301_072755.zip
2026-03-01T12:57:58 | Backup created: cpp (756.6 KB)
2026-03-01T13:15:01 | Scan started via API.
2026-03-01T13:15:01 | Core engine modules loaded.
2026-03-01T13:15:01 | Monitor path ready: /home/mohit/TestingDirectory
2026-03-01T13:15:01 | Watchdog observer started.
2026-03-01T13:25:32 | Scan started via API.
2026-03-01T13:25:32 | Core engine modules loaded.
2026-03-01T13:25:32 | Monitor path ready: /home/mohit/TestingDirectory
2026-03-01T13:25:32 | Watchdog observer started.
2026-03-01T13:29:47 | Scan started via API.
2026-03-01T13:29:47 | Core engine modules loaded.
2026-03-01T13:29:47 | Monitor path ready: /home/mohit/TestingDirectory
2026-03-01T13:29:47 | Watchdog observer started.
2026-03-01T13:30:53 | 2026-03-01T13:30:53.497597 | SUSPICIOUS | risk=40 | entropy=2.0 | burst=245.8 | STATE_CHANGE
2026-03-01T13:30:57 | [AI] analyze_threat error: Unterminated string starting at: line 1 column 50 (char 49)
2026-03-01T13:31:16 | 2026-03-01T13:31:16.835262 | NORMAL | risk=0 | entropy=0 | burst=0.0 | STATE_CHANGE
2026-03-01T13:31:47 | 2026-03-01T13:31:47.228185 | SUSPICIOUS | risk=40 | entropy=1.96 | burst=296.4 | STATE_CHANGE
2026-03-01T13:31:50 | [AI] analyze_threat error: Unterminated string starting at: line 1 column 50 (char 49)
2026-03-01T13:32:08 | 2026-03-01T13:32:08.371943 | NORMAL | risk=15 | entropy=0 | burst=13.6 | STATE_CHANGE
2026-03-01T13:33:54 | [AI] analyze_process PID 863 error: Unterminated string starting at: line 1 column 50 (char 49)
2026-03-01T13:33:54 | [AI] PID 863 (dbus-broker) → UNKNOWN CONFIRMED
2026-03-01T13:34:42 | 2026-03-01T13:34:42.958340 | WATCH | risk=25 | entropy=2.01 | burst=103.2 | STATE_CHANGE
2026-03-01T13:34:46 | 2026-03-01T13:34:46.235639 | SUSPICIOUS | risk=40 | entropy=2.0 | burst=1134.0 | STATE_CHANGE
2026-03-01T13:34:50 | [AI] analyze_threat error: Unterminated string starting at: line 1 column 50 (char 49)
2026-03-01T13:34:51 | [AI] analyze_process PID 174102 error: Unterminated string starting at: line 1 column 46 (char 45)
2026-03-01T13:34:52 | [AI] PID 174102 (electron) → UNKNOWN CONFIRMED
2026-03-01T13:35:01 | [AI] analyze_process PID 204978 error: Unterminated string starting at: line 1 column 50 (char 49)
2026-03-01T13:35:52 | Process 204978 (sh) killed.
2026-03-01T13:35:58 | 2026-03-01T13:35:58.157341 | NORMAL | risk=0 | entropy=0 | burst=0.0 | STATE_CHANGE
2026-03-01T13:37:09 | [AI] analyze_process PID 863 error: Unterminated string starting at: line 1 column 47 (char 46)
2026-03-01T13:39:26 | [AI] analyze_process PID 27192 error: Unterminated string starting at: line 1 column 46 (char 45)
2026-03-01T13:39:26 | [AI] PID 27192 (language_server_linux_x64) → UNKNOWN CONFIRMED
2026-03-01T13:39:32 | [AI] analyze_process PID 174023 error: Unterminated string starting at: line 1 column 46 (char 45)
2026-03-01T13:39:32 | [AI] PID 174023 (python) → UNKNOWN CONFIRMED
2026-03-01T13:39:55 | Scan loop cancelled.
2026-03-01T13:39:55 | Watchdog observer stopped.
2026-03-01T13:39:55 | Scan stopped via API.
2026-03-01T13:39:56 | Scan started via API.
2026-03-01T13:39:56 | Monitor path ready: /home/mohit/TestingDirectory
2026-03-01T13:39:56 | Watchdog observer started.
2026-03-01T13:44:12 | 2026-03-01T13:44:12.499996 | SUSPICIOUS | risk=40 | entropy=1.93 | burst=174.4 | STATE_CHANGE
2026-03-01T13:44:15 | [AI] analyze_threat error: Unterminated string starting at: line 1 column 50 (char 49)
2026-03-01T13:44:16 | [AI] analyze_process PID 97 error: Unterminated string starting at: line 1 column 46 (char 45)
2026-03-01T13:44:16 | [AI] PID 97 (kcompactd0) → UNKNOWN CONFIRMED
2026-03-01T13:45:19 | Process 267987 (sh) killed.
2026-03-01T13:45:25 | 2026-03-01T13:45:25.312354 | NORMAL | risk=0 | entropy=0 | burst=0.0 | STATE_CHANGE
2026-03-01T17:41:03 | [AI] analyze_process PID 4317 error: [Errno -3] Temporary failure in name resolution
2026-03-01T17:41:03 | [AI] PID 4317 (brave) → UNKNOWN CONFIRMED
2026-03-01T18:17:10 | [AI] analyze_process PID 642 error: [Errno -3] Temporary failure in name resolution
2026-03-01T18:17:10 | [AI] PID 642 (systemd-udevd) → UNKNOWN CONFIRMED
2026-03-04T00:09:14 | Scan started via API.
2026-03-04T00:09:14 | Core engine modules loaded.
2026-03-04T00:09:14 | Monitor path ready: /home/mohit/TestingDirectory
2026-03-04T00:09:14 | Watchdog observer started.
2026-03-04T00:09:37 | 2026-03-04T00:09:37.398419 | SUSPICIOUS | risk=40 | entropy=1.94 | burst=210.8 | STATE_CHANGE
2026-03-04T00:09:40 | [AI] analyze_threat error: Unterminated string starting at: line 1 column 50 (char 49)
2026-03-04T00:10:17 | Process 8239 (sh) killed.
2026-03-04T00:10:22 | 2026-03-04T00:10:22.098212 | NORMAL | risk=15 | entropy=0 | burst=12.0 | STATE_CHANGE
2026-03-04T00:10:59 | [AI] analyze_process PID 7921 error: Unterminated string starting at: line 1 column 50 (char 49)
2026-03-04T00:10:59 | [AI] PID 7921 (electron) → UNKNOWN CONFIRMED
2026-03-04T00:12:46 | Scan loop cancelled.
2026-03-04T00:12:46 | Watchdog observer stopped.
2026-03-04T00:12:46 | Scan stopped via API.
